<?xml version="1.0" encoding="UTF-8"?>
<!-- Generated by org.testng.reporters.JUnitReportReporter -->
<testsuite hostname="addys-MacBook-Air.local" failures="0" tests="4" name="projectnew.projectnew.homepage" time="7.713" errors="0" timestamp="2021-03-13T13:15:12 IST" skipped="0">
  <testcase classname="projectnew.projectnew.homepage" name="basePageNavigation" time="4.613"/>
  <system-out/>
  <testcase classname="projectnew.projectnew.homepage" name="firsttestcase" time="1.518"/>
  <system-out/>
  <testcase classname="projectnew.projectnew.homepage" name="validatesealotherIEC" time="0.885"/>
  <system-out/>
  <testcase classname="projectnew.projectnew.homepage" name="validatescannedseal" time="0.697"/>
  <system-out/>
</testsuite> <!-- projectnew.projectnew.homepage -->
